<?xml version="1.0" encoding="UTF-8"?>
<TestRun id="0d60c7e4-3111-4d1b-8612-b51ff9d7eea8" name="Arnaldo@NOTEARNALDO 2012-03-23 02:04:18" runUser="NoteArnaldo\Arnaldo" xmlns="http://microsoft.com/schemas/VisualStudio/TeamTest/2010">
  <TestSettings name="Local" id="4a28c520-7b1c-48c0-99b0-b2ea6becd133">
    <Description>These are default test settings for a local test run.</Description>
    <Deployment enabled="false" runDeploymentRoot="Arnaldo_NOTEARNALDO 2012-03-23 02_04_18">
      <DeploymentItem filename="D:\projetos\cms\cms.nfe\bin\Debug\cms.nfe.dll" />
      <DeploymentItem filename="C:\FuturaData\FuturaDataNFE\FuturaDataNFeLibrary.dll" />
    </Deployment>
    <Execution>
      <TestTypeSpecific />
      <AgentRule name="Execution Agents">
      </AgentRule>
    </Execution>
  </TestSettings>
  <Times creation="2012-03-23T02:04:18.9885594-03:00" queuing="2012-03-23T02:04:20.3486372-03:00" start="2012-03-23T02:04:20.5566491-03:00" finish="2012-03-23T02:05:08.2283758-03:00" />
  <ResultSummary outcome="Completed">
    <Counters total="1" executed="1" passed="1" error="0" failed="0" timeout="0" aborted="0" inconclusive="0" passedButRunAborted="0" notRunnable="0" notExecuted="0" disconnected="0" warning="0" completed="0" inProgress="0" pending="0" />
  </ResultSummary>
  <TestDefinitions>
    <UnitTest name="SelecionarCertificado" storage="d:\projetos\cms\cms.nfe.unittest\bin\debug\cms.nfe.unittest.dll" id="c56f9b41-ae03-ae08-bad9-1134a3c07a32">
      <Execution id="2db03ad5-709f-4b44-89ef-863ea3df7e08" />
      <TestMethod codeBase="D:/projetos/cms/cms.NFe.unitTest/bin/Debug/cms.NFe.unitTest.DLL" adapterTypeName="Microsoft.VisualStudio.TestTools.TestTypes.Unit.UnitTestAdapter, Microsoft.VisualStudio.QualityTools.Tips.UnitTest.Adapter, Version=10.0.0.0, Culture=neutral, PublicKeyToken=b03f5f7f11d50a3a" className="cms.NFe.unitTest.AssinaturaArquivoTest, cms.NFe.unitTest, Version=1.0.0.0, Culture=neutral, PublicKeyToken=null" name="SelecionarCertificado" />
    </UnitTest>
  </TestDefinitions>
  <TestLists>
    <TestList name="Results Not in a List" id="8c84fa94-04c1-424b-9868-57a2d4851a1d" />
    <TestList name="All Loaded Results" id="19431567-8539-422a-85d7-44ee4e166bda" />
  </TestLists>
  <TestEntries>
    <TestEntry testId="c56f9b41-ae03-ae08-bad9-1134a3c07a32" executionId="2db03ad5-709f-4b44-89ef-863ea3df7e08" testListId="8c84fa94-04c1-424b-9868-57a2d4851a1d" />
  </TestEntries>
  <Results>
    <UnitTestResult executionId="2db03ad5-709f-4b44-89ef-863ea3df7e08" testId="c56f9b41-ae03-ae08-bad9-1134a3c07a32" testName="SelecionarCertificado" computerName="NOTEARNALDO" duration="00:00:46.0795459" startTime="2012-03-23T02:04:20.7486601-03:00" endTime="2012-03-23T02:05:08.0943681-03:00" testType="13cdc9d9-ddb5-4fa4-a97d-d965ccfc6d4b" outcome="Passed" testListId="8c84fa94-04c1-424b-9868-57a2d4851a1d" relativeResultsDirectory="2db03ad5-709f-4b44-89ef-863ea3df7e08">
    </UnitTestResult>
  </Results>
</TestRun>