<?xml version="1.0" encoding="UTF-8"?>
<TestRun id="706ecf76-e963-499f-97ba-8162c15455ec" name="Arnaldo@NOTEARNALDO 2012-02-17 00:38:19" runUser="NoteArnaldo\Arnaldo" xmlns="http://microsoft.com/schemas/VisualStudio/TeamTest/2010">
  <TestSettings name="Local" id="4a28c520-7b1c-48c0-99b0-b2ea6becd133">
    <Description>These are default test settings for a local test run.</Description>
    <Deployment enabled="false" runDeploymentRoot="Arnaldo_NOTEARNALDO 2012-02-17 00_38_19">
      <DeploymentItem filename="D:\projetos\cms\cms\dll\WeifenLuo.WinFormsUI.Docking.dll" />
      <DeploymentItem filename="D:\projetos\cms\cms.Data\bin\Debug\cms.Data.dll" />
      <DeploymentItem filename="D:\projetos\cms\cms.nfe\bin\Debug\cms.nfe.dll" />
      <DeploymentItem filename="D:\projetos\cms\boletonet-72824\Boleto.Net\Boleto.Net\bin\Release\Boleto.Net.dll" />
      <DeploymentItem filename="D:\projetos\cms\cms\bin\Debug\cms.exe" />
    </Deployment>
    <Execution>
      <TestTypeSpecific />
      <AgentRule name="Execution Agents">
      </AgentRule>
    </Execution>
  </TestSettings>
  <Times creation="2012-02-17T00:38:19.1994366-02:00" queuing="2012-02-17T00:38:20.8665319-02:00" start="2012-02-17T00:38:21.1265468-02:00" finish="2012-02-17T00:38:39.0185702-02:00" />
  <ResultSummary outcome="Error">
    <Counters total="1" executed="1" error="0" failed="0" timeout="0" aborted="1" inconclusive="0" passedButRunAborted="0" notRunnable="0" notExecuted="0" disconnected="0" warning="0" passed="0" completed="0" inProgress="0" pending="0" />
    <RunInfos>
      <RunInfo computerName="NOTEARNALDO" outcome="Error" timestamp="2012-02-17T00:38:39.0075695-02:00">
        <Text>Test host process exited unexpectedly.</Text>
      </RunInfo>
    </RunInfos>
  </ResultSummary>
  <TestDefinitions>
    <UnitTest name="InitializeTest" storage="d:\projetos\cms\cms\cms.unittest\bin\debug\cms.unittest.dll" id="ae315531-ebd3-22f6-6450-68dd1cc2f7ef">
      <Execution id="b533c790-9483-47ef-ba84-1630fd6ee6e2" />
      <TestMethod codeBase="D:/projetos/cms/cms/cms.unitTest/bin/Debug/cms.unitTest.DLL" adapterTypeName="Microsoft.VisualStudio.TestTools.TestTypes.Unit.UnitTestAdapter, Microsoft.VisualStudio.QualityTools.Tips.UnitTest.Adapter, Version=10.0.0.0, Culture=neutral, PublicKeyToken=b03f5f7f11d50a3a" className="cms.unitTest.cnFiscalNFeTest, cms.unitTest, Version=1.0.0.0, Culture=neutral, PublicKeyToken=null" name="InitializeTest" />
    </UnitTest>
  </TestDefinitions>
  <TestLists>
    <TestList name="Results Not in a List" id="8c84fa94-04c1-424b-9868-57a2d4851a1d" />
    <TestList name="All Loaded Results" id="19431567-8539-422a-85d7-44ee4e166bda" />
  </TestLists>
  <TestEntries>
    <TestEntry testId="ae315531-ebd3-22f6-6450-68dd1cc2f7ef" executionId="b533c790-9483-47ef-ba84-1630fd6ee6e2" testListId="8c84fa94-04c1-424b-9868-57a2d4851a1d" />
  </TestEntries>
  <Results>
    <UnitTestResult executionId="b533c790-9483-47ef-ba84-1630fd6ee6e2" testId="ae315531-ebd3-22f6-6450-68dd1cc2f7ef" testName="InitializeTest" computerName="NOTEARNALDO" duration="00:00:17.6820113" startTime="2012-02-17T00:38:21.3355588-02:00" endTime="2012-02-17T00:38:39.0175701-02:00" testType="13cdc9d9-ddb5-4fa4-a97d-d965ccfc6d4b" outcome="Aborted" testListId="8c84fa94-04c1-424b-9868-57a2d4851a1d" relativeResultsDirectory="b533c790-9483-47ef-ba84-1630fd6ee6e2">
    </UnitTestResult>
  </Results>
</TestRun>