<?xml version="1.0" encoding="UTF-8"?>
<TestRun id="d7fb6e3e-f41c-451d-88d9-5c008f59c99d" name="Arnaldo@NOTEARNALDO 2012-02-15 17:34:00" runUser="NoteArnaldo\Arnaldo" xmlns="http://microsoft.com/schemas/VisualStudio/TeamTest/2010">
  <TestSettings name="Local" id="4a28c520-7b1c-48c0-99b0-b2ea6becd133">
    <Description>These are default test settings for a local test run.</Description>
    <Deployment enabled="false" runDeploymentRoot="Arnaldo_NOTEARNALDO 2012-02-15 17_34_00">
      <DeploymentItem filename="D:\projetos\cms\cms\dll\WeifenLuo.WinFormsUI.Docking.dll" />
      <DeploymentItem filename="D:\projetos\cms\cms.Data\bin\Debug\cms.Data.dll" />
      <DeploymentItem filename="D:\projetos\cms\cms.nfe\bin\Debug\cms.nfe.dll" />
      <DeploymentItem filename="D:\projetos\cms\boletonet-72824\Boleto.Net\Boleto.Net\bin\Release\Boleto.Net.dll" />
      <DeploymentItem filename="D:\projetos\cms\cms\bin\Debug\cms.exe" />
    </Deployment>
    <Execution>
      <TestTypeSpecific />
      <AgentRule name="Execution Agents">
      </AgentRule>
    </Execution>
  </TestSettings>
  <Times creation="2012-02-15T17:34:00.7264598-02:00" queuing="2012-02-15T17:34:02.1815430-02:00" start="2012-02-15T17:34:02.4225568-02:00" finish="2012-02-15T17:34:21.9076713-02:00" />
  <ResultSummary outcome="Error">
    <Counters total="2" executed="1" error="0" failed="0" timeout="0" aborted="1" inconclusive="0" passedButRunAborted="0" notRunnable="0" notExecuted="1" disconnected="0" warning="0" passed="0" completed="0" inProgress="0" pending="0" />
    <RunInfos>
      <RunInfo computerName="NOTEARNALDO" outcome="Error" timestamp="2012-02-15T17:34:21.8976707-02:00">
        <Text>Test host process exited unexpectedly.</Text>
      </RunInfo>
    </RunInfos>
  </ResultSummary>
  <TestDefinitions>
    <UnitTest name="SerializarXMLTest" storage="d:\projetos\cms\cms\cms.unittest\bin\debug\cms.unittest.dll" id="4d156e33-c443-9bf1-8e72-2bf857313ffe">
      <Execution id="52556527-d8c2-44d9-ab9a-e83a5ad1a6d9" />
      <TestMethod codeBase="D:/projetos/cms/cms/cms.unitTest/bin/Debug/cms.unitTest.DLL" adapterTypeName="Microsoft.VisualStudio.TestTools.TestTypes.Unit.UnitTestAdapter, Microsoft.VisualStudio.QualityTools.Tips.UnitTest.Adapter, Version=10.0.0.0, Culture=neutral, PublicKeyToken=b03f5f7f11d50a3a" className="cms.unitTest.cnFiscalNFeTest, cms.unitTest, Version=1.0.0.0, Culture=neutral, PublicKeyToken=null" name="SerializarXMLTest" />
    </UnitTest>
    <UnitTest name="DesserializarXML" storage="d:\projetos\cms\cms\cms.unittest\bin\debug\cms.unittest.dll" id="6e018897-749d-50ee-c57f-0b7f820f7a1e">
      <Execution id="14e5a944-2e10-492d-a3c4-93e5a7d6c691" />
      <TestMethod codeBase="D:/projetos/cms/cms/cms.unitTest/bin/Debug/cms.unitTest.DLL" adapterTypeName="Microsoft.VisualStudio.TestTools.TestTypes.Unit.UnitTestAdapter, Microsoft.VisualStudio.QualityTools.Tips.UnitTest.Adapter, Version=10.0.0.0, Culture=neutral, PublicKeyToken=b03f5f7f11d50a3a" className="cms.unitTest.cnFiscalNFeTest, cms.unitTest, Version=1.0.0.0, Culture=neutral, PublicKeyToken=null" name="DesserializarXML" />
    </UnitTest>
  </TestDefinitions>
  <TestLists>
    <TestList name="Results Not in a List" id="8c84fa94-04c1-424b-9868-57a2d4851a1d" />
    <TestList name="All Loaded Results" id="19431567-8539-422a-85d7-44ee4e166bda" />
  </TestLists>
  <TestEntries>
    <TestEntry testId="4d156e33-c443-9bf1-8e72-2bf857313ffe" executionId="52556527-d8c2-44d9-ab9a-e83a5ad1a6d9" testListId="8c84fa94-04c1-424b-9868-57a2d4851a1d" />
    <TestEntry testId="6e018897-749d-50ee-c57f-0b7f820f7a1e" executionId="14e5a944-2e10-492d-a3c4-93e5a7d6c691" testListId="8c84fa94-04c1-424b-9868-57a2d4851a1d" />
  </TestEntries>
  <Results>
    <UnitTestResult executionId="52556527-d8c2-44d9-ab9a-e83a5ad1a6d9" testId="4d156e33-c443-9bf1-8e72-2bf857313ffe" testName="SerializarXMLTest" computerName="NOTEARNALDO" duration="00:00:19.2771026" startTime="2012-02-15T17:34:02.6245683-02:00" endTime="2012-02-15T17:34:21.9016709-02:00" testType="13cdc9d9-ddb5-4fa4-a97d-d965ccfc6d4b" outcome="Aborted" testListId="8c84fa94-04c1-424b-9868-57a2d4851a1d" relativeResultsDirectory="52556527-d8c2-44d9-ab9a-e83a5ad1a6d9">
    </UnitTestResult>
    <UnitTestResult executionId="14e5a944-2e10-492d-a3c4-93e5a7d6c691" testId="6e018897-749d-50ee-c57f-0b7f820f7a1e" testName="DesserializarXML" computerName="NOTEARNALDO" testType="13cdc9d9-ddb5-4fa4-a97d-d965ccfc6d4b" outcome="NotExecuted" testListId="8c84fa94-04c1-424b-9868-57a2d4851a1d" relativeResultsDirectory="14e5a944-2e10-492d-a3c4-93e5a7d6c691">
    </UnitTestResult>
  </Results>
</TestRun>