<?xml version="1.0" encoding="UTF-8"?>
<TestRun id="8ad8c440-36be-4cba-9b7a-955e08cd28ea" name="Arnaldo@NOTEARNALDO 2012-02-17 00:37:56" runUser="NoteArnaldo\Arnaldo" xmlns="http://microsoft.com/schemas/VisualStudio/TeamTest/2010">
  <TestSettings name="Local" id="4a28c520-7b1c-48c0-99b0-b2ea6becd133">
    <Description>These are default test settings for a local test run.</Description>
    <Deployment enabled="false" runDeploymentRoot="Arnaldo_NOTEARNALDO 2012-02-17 00_37_56">
      <DeploymentItem filename="D:\projetos\cms\cms.nfe\bin\Debug\cms.nfe.dll" />
      <DeploymentItem filename="C:\FuturaData\FuturaDataNFE\FuturaDataNFeLibrary.dll" />
    </Deployment>
    <Execution>
      <TestTypeSpecific />
      <AgentRule name="Execution Agents">
      </AgentRule>
    </Execution>
  </TestSettings>
  <Times creation="2012-02-17T00:37:56.2561243-02:00" queuing="2012-02-17T00:38:00.1993498-02:00" start="2012-02-17T00:38:00.7243799-02:00" finish="2012-02-17T00:38:02.4724798-02:00" />
  <ResultSummary outcome="Completed">
    <Counters total="1" executed="1" passed="1" error="0" failed="0" timeout="0" aborted="0" inconclusive="0" passedButRunAborted="0" notRunnable="0" notExecuted="0" disconnected="0" warning="0" completed="0" inProgress="0" pending="0" />
  </ResultSummary>
  <TestDefinitions>
    <UnitTest name="TestMethod1" storage="d:\projetos\cms\cms.nfe.unittest\bin\debug\cms.nfe.unittest.dll" id="b86d0314-8e77-0bdf-79fa-f39b34113e1c">
      <Execution id="7edce3d2-2698-4fe1-b9a3-af58f7c11bac" />
      <TestMethod codeBase="D:/projetos/cms/cms.NFe.unitTest/bin/Debug/cms.NFe.unitTest.DLL" adapterTypeName="Microsoft.VisualStudio.TestTools.TestTypes.Unit.UnitTestAdapter, Microsoft.VisualStudio.QualityTools.Tips.UnitTest.Adapter, Version=10.0.0.0, Culture=neutral, PublicKeyToken=b03f5f7f11d50a3a" className="cms.NFe.unitTest.UnitTest1, cms.NFe.unitTest, Version=1.0.0.0, Culture=neutral, PublicKeyToken=null" name="TestMethod1" />
    </UnitTest>
  </TestDefinitions>
  <TestLists>
    <TestList name="Results Not in a List" id="8c84fa94-04c1-424b-9868-57a2d4851a1d" />
    <TestList name="All Loaded Results" id="19431567-8539-422a-85d7-44ee4e166bda" />
  </TestLists>
  <TestEntries>
    <TestEntry testId="b86d0314-8e77-0bdf-79fa-f39b34113e1c" executionId="7edce3d2-2698-4fe1-b9a3-af58f7c11bac" testListId="8c84fa94-04c1-424b-9868-57a2d4851a1d" />
  </TestEntries>
  <Results>
    <UnitTestResult executionId="7edce3d2-2698-4fe1-b9a3-af58f7c11bac" testId="b86d0314-8e77-0bdf-79fa-f39b34113e1c" testName="TestMethod1" computerName="NOTEARNALDO" duration="00:00:00.0128332" startTime="2012-02-17T00:38:00.9973955-02:00" endTime="2012-02-17T00:38:02.1924638-02:00" testType="13cdc9d9-ddb5-4fa4-a97d-d965ccfc6d4b" outcome="Passed" testListId="8c84fa94-04c1-424b-9868-57a2d4851a1d" relativeResultsDirectory="7edce3d2-2698-4fe1-b9a3-af58f7c11bac">
    </UnitTestResult>
  </Results>
</TestRun>